
25 results per query
reduce sum
['clip']
average precision: 		 min = 0.027 		 median = 0.259 		 mean = 0.322 		 max = 0.889
['sift']
average precision: 		 min = 0.000 		 median = 0.000 		 mean = 0.003 		 max = 0.105
['orb']
average precision: 		 min = 0.000 		 median = 0.040 		 mean = 0.060 		 max = 0.236
['brisk']
average precision: 		 min = 0.000 		 median = 0.000 		 mean = 0.005 		 max = 0.157
['clip', 'sift']
average precision: 		 min = 0.023 		 median = 0.135 		 mean = 0.203 		 max = 0.528
['clip', 'orb']
average precision: 		 min = 0.023 		 median = 0.214 		 mean = 0.254 		 max = 0.692
['clip', 'brisk']
average precision: 		 min = 0.022 		 median = 0.143 		 mean = 0.207 		 max = 0.528
['sift', 'orb', 'brisk']
average precision: 		 min = 0.000 		 median = 0.018 		 mean = 0.029 		 max = 0.167
['clip', 'sift', 'orb', 'brisk']
average precision: 		 min = 0.017 		 median = 0.119 		 mean = 0.151 		 max = 0.436

25 results per query
reduce min
['clip']
average precision: 		 min = 0.027 		 median = 0.259 		 mean = 0.323 		 max = 0.889
['sift']
average precision: 		 min = 0.000 		 median = 0.000 		 mean = 0.003 		 max = 0.105
['orb']
average precision: 		 min = 0.000 		 median = 0.040 		 mean = 0.061 		 max = 0.236
['brisk']
average precision: 		 min = 0.000 		 median = 0.000 		 mean = 0.005 		 max = 0.157
['clip', 'sift']
average precision: 		 min = 0.023 		 median = 0.135 		 mean = 0.203 		 max = 0.528
['clip', 'orb']
average precision: 		 min = 0.023 		 median = 0.217 		 mean = 0.256 		 max = 0.692
['clip', 'brisk']
average precision: 		 min = 0.022 		 median = 0.143 		 mean = 0.207 		 max = 0.528
['sift', 'orb', 'brisk']
average precision: 		 min = 0.000 		 median = 0.019 		 mean = 0.032 		 max = 0.167
['clip', 'sift', 'orb', 'brisk']
average precision: 		 min = 0.017 		 median = 0.121 		 mean = 0.154 		 max = 0.436

50 results per query
reduce sum
['clip']
average precision: 		 min = 0.036 		 median = 0.372 		 mean = 0.386 		 max = 0.889
['sift']
average precision: 		 min = 0.000 		 median = 0.001 		 mean = 0.004 		 max = 0.117
['orb']
average precision: 		 min = 0.000 		 median = 0.036 		 mean = 0.059 		 max = 0.221
['brisk']
average precision: 		 min = 0.000 		 median = 0.001 		 mean = 0.006 		 max = 0.159
['clip', 'sift']
average precision: 		 min = 0.027 		 median = 0.237 		 mean = 0.241 		 max = 0.528
['clip', 'orb']
average precision: 		 min = 0.025 		 median = 0.293 		 mean = 0.289 		 max = 0.692
['clip', 'brisk']
average precision: 		 min = 0.024 		 median = 0.235 		 mean = 0.242 		 max = 0.546
['sift', 'orb', 'brisk']
average precision: 		 min = 0.001 		 median = 0.019 		 mean = 0.040 		 max = 0.167
['clip', 'sift', 'orb', 'brisk']
average precision: 		 min = 0.017 		 median = 0.160 		 mean = 0.184 		 max = 0.467

25 results per query
reduce sum
fixed RootSIFT and use larger color images
['clip']
average precision: 		 min = 0.027 		 median = 0.259 		 mean = 0.322 		 max = 0.889
['sift']
average precision: 		 min = 0.002 		 median = 0.108 		 mean = 0.157 		 max = 0.566
['orb']
average precision: 		 min = 0.013 		 median = 0.099 		 mean = 0.119 		 max = 0.333
['brisk']
average precision: 		 min = 0.000 		 median = 0.040 		 mean = 0.077 		 max = 0.425
['clip', 'sift']
average precision: 		 min = 0.040 		 median = 0.269 		 mean = 0.322 		 max = 0.798
['clip', 'orb']
average precision: 		 min = 0.023 		 median = 0.253 		 mean = 0.290 		 max = 0.815
['clip', 'brisk']
average precision: 		 min = 0.022 		 median = 0.201 		 mean = 0.271 		 max = 0.782
['sift', 'orb', 'brisk']
average precision: 		 min = 0.019 		 median = 0.143 		 mean = 0.170 		 max = 0.629
['clip', 'sift', 'orb', 'brisk']
average precision: 		 min = 0.032 		 median = 0.258 		 mean = 0.284 		 max = 0.703